# JRE version: Java(TM) SE Runtime Environment (21.0.3+7) (build 21.0.3+7-LTS-152)
# Java VM: Java HotSpot(TM) 64-Bit Server VM (21.0.3+7-LTS-152, mixed mode, sharing, tiered, compressed oops, compressed class ptrs, g1 gc, windows-amd64)
GC Precious Log:
 CardTable entry size: 512
 Card Set container configuration: InlinePtr #cards 5 size 8 Array Of Cards #cards 12 size 40 Howl #buckets 4 coarsen threshold 1843 Howl Bitmap #cards 512 size 80 coarsen threshold 460 Card regions per heap region 1 cards per card region 2048
 CPUs: 4 total, 4 available
 Memory: 4000M
 Large Page Support: Disabled
 NUMA Support: Disabled
 Compressed Oops: Enabled (32-bit)
 Heap Region Size: 1M
 Heap Min Capacity: 256M
 Heap Initial Capacity: 256M
 Heap Max Capacity: 512M
 Pre-touch: Disabled
 Parallel Workers: 4
 Concurrent Workers: 1
 Concurrent Refinement Workers: 4
 Periodic GC: Disabled
Heap:
 garbage-first heap   total 262144K, used 50379K [0x00000000e0000000, 0x0000000100000000)
  region size 1024K, 26 young (26624K), 8 survivors (8192K)
 Metaspace       used 39133K, committed 40384K, reserved 393216K
  class space    used 5922K, committed 6528K, reserved 327680K
GC Heap History (14 events):
Event: 0.920 GC heap before
{Heap before GC invocations=0 (full 0):
 garbage-first heap   total 262144K, used 13312K [0x00000000e0000000, 0x0000000100000000)
  region size 1024K, 13 young (13312K), 0 survivors (0K)
 Metaspace       used 978K, committed 1088K, reserved 393216K
  class space    used 79K, committed 128K, reserved 327680K
}
Event: 0.925 GC heap after
{Heap after GC invocations=1 (full 0):
 garbage-first heap   total 262144K, used 2608K [0x00000000e0000000, 0x0000000100000000)
  region size 1024K, 2 young (2048K), 2 survivors (2048K)
 Metaspace       used 978K, committed 1088K, reserved 393216K
  class space    used 79K, committed 128K, reserved 327680K
}
Event: 2.088 GC heap before
{Heap before GC invocations=1 (full 0):
 garbage-first heap   total 262144K, used 27184K [0x00000000e0000000, 0x0000000100000000)
  region size 1024K, 23 young (23552K), 2 survivors (2048K)
 Metaspace       used 4084K, committed 4352K, reserved 393216K
  class space    used 502K, committed 640K, reserved 327680K
}
Event: 2.096 GC heap after
{Heap after GC invocations=2 (full 0):
 garbage-first heap   total 262144K, used 11107K [0x00000000e0000000, 0x0000000100000000)
  region size 1024K, 3 young (3072K), 3 survivors (3072K)
 Metaspace       used 4084K, committed 4352K, reserved 393216K
  class space    used 502K, committed 640K, reserved 327680K
}
Event: 2.948 GC heap before
{Heap before GC invocations=2 (full 0):
 garbage-first heap   total 262144K, used 36707K [0x00000000e0000000, 0x0000000100000000)
  region size 1024K, 28 young (28672K), 3 survivors (3072K)
 Metaspace       used 4204K, committed 4416K, reserved 393216K
  class space    used 504K, committed 640K, reserved 327680K
}
Event: 2.955 GC heap after
{Heap after GC invocations=3 (full 0):
 garbage-first heap   total 262144K, used 15226K [0x00000000e0000000, 0x0000000100000000)
  region size 1024K, 4 young (4096K), 4 survivors (4096K)
 Metaspace       used 4204K, committed 4416K, reserved 393216K
  class space    used 504K, committed 640K, reserved 327680K
}
Event: 7.370 GC heap before
{Heap before GC invocations=3 (full 0):
 garbage-first heap   total 262144K, used 113530K [0x00000000e0000000, 0x0000000100000000)
  region size 1024K, 102 young (104448K), 4 survivors (4096K)
 Metaspace       used 20814K, committed 21504K, reserved 393216K
  class space    used 2991K, committed 3328K, reserved 327680K
}
Event: 7.401 GC heap after
{Heap after GC invocations=4 (full 0):
 garbage-first heap   total 262144K, used 23694K [0x00000000e0000000, 0x0000000100000000)
  region size 1024K, 13 young (13312K), 13 survivors (13312K)
 Metaspace       used 20814K, committed 21504K, reserved 393216K
  class space    used 2991K, committed 3328K, reserved 327680K
}
Event: 10.845 GC heap before
{Heap before GC invocations=5 (full 0):
 garbage-first heap   total 262144K, used 121998K [0x00000000e0000000, 0x0000000100000000)
  region size 1024K, 110 young (112640K), 13 survivors (13312K)
 Metaspace       used 33885K, committed 35136K, reserved 393216K
  class space    used 4823K, committed 5440K, reserved 327680K
}
Event: 10.886 GC heap after
{Heap after GC invocations=6 (full 0):
 garbage-first heap   total 262144K, used 31192K [0x00000000e0000000, 0x0000000100000000)
  region size 1024K, 8 young (8192K), 8 survivors (8192K)
 Metaspace       used 33885K, committed 35136K, reserved 393216K
  class space    used 4823K, committed 5440K, reserved 327680K
}
Event: 11.177 GC heap before
{Heap before GC invocations=6 (full 0):
 garbage-first heap   total 262144K, used 48600K [0x00000000e0000000, 0x0000000100000000)
  region size 1024K, 26 young (26624K), 8 survivors (8192K)
 Metaspace       used 34725K, committed 35968K, reserved 393216K
  class space    used 4945K, committed 5568K, reserved 327680K
}
Event: 11.196 GC heap after
{Heap after GC invocations=7 (full 0):
 garbage-first heap   total 262144K, used 30923K [0x00000000e0000000, 0x0000000100000000)
  region size 1024K, 7 young (7168K), 7 survivors (7168K)
 Metaspace       used 34725K, committed 35968K, reserved 393216K
  class space    used 4945K, committed 5568K, reserved 327680K
}
Event: 11.295 GC heap before
{Heap before GC invocations=7 (full 0):
 garbage-first heap   total 262144K, used 32971K [0x00000000e0000000, 0x0000000100000000)
  region size 1024K, 10 young (10240K), 7 survivors (7168K)
 Metaspace       used 35038K, committed 36288K, reserved 393216K
  class space    used 4995K, committed 5632K, reserved 327680K
}
Event: 11.309 GC heap after
{Heap after GC invocations=8 (full 0):
 garbage-first heap   total 262144K, used 31947K [0x00000000e0000000, 0x0000000100000000)
  region size 1024K, 8 young (8192K), 8 survivors (8192K)
 Metaspace       used 35038K, committed 36288K, reserved 393216K
  class space    used 4995K, committed 5632K, reserved 327680K
}

